<?xml version="1.0" encoding="UTF-8"?>
<robot generator="Robot 6.0.2 (Python 3.10.5 on win32)" generated="20230425 12:14:42.816" rpa="false" schemaversion="3">
<suite id="s1" name="Preenchimento Incorreto" source="c:\Users\Kelvin\source\repos\Robot\testes\preenchimento_incorreto.robot">
<test id="s1-t1" name="Verificar se quando um campo obrigatório não for preenchido corretamente o sistema exibe uma mensagem de campo obrigatório" line="7">
<kw name="Dado que eu acesse o Organo" library="setup_teardown" type="SETUP">
<kw name="Open Browser" library="SeleniumLibrary">
<arg>url=http://localhost:3000/</arg>
<arg>browser=Chrome</arg>
<doc>Opens a new browser instance to the optional ``url``.</doc>
<msg timestamp="20230425 12:14:43.599" level="INFO">Opening browser 'Chrome' to base url 'http://localhost:3000/'.</msg>
<msg timestamp="20230425 12:14:43.609" level="INFO">Executing: C:\Users\Kelvin\AppData\Local\Programs\Python\Python310\lib\site-packages\selenium\webdriver\common\windows\selenium-manager.exe --browser chrome --output json</msg>
<status status="PASS" starttime="20230425 12:14:43.599" endtime="20230425 12:14:45.392"/>
</kw>
<status status="PASS" starttime="20230425 12:14:43.598" endtime="20230425 12:14:45.392"/>
</kw>
<kw name="Dado que eu clique no botão &quot;Criar Card&quot;" library="cadastro">
<kw name="Click Element" library="SeleniumLibrary">
<arg>${BOTAO_CARD}</arg>
<doc>Click the element identified by ``locator``.</doc>
<msg timestamp="20230425 12:14:45.396" level="INFO">Clicking element 'id:form-botao'.</msg>
<status status="PASS" starttime="20230425 12:14:45.395" endtime="20230425 12:14:45.472"/>
</kw>
<status status="PASS" starttime="20230425 12:14:45.394" endtime="20230425 12:14:45.473"/>
</kw>
<kw name="Então sistema deve apresentar mensagem de campo obrigatório" library="cadastro">
<kw name="Element Should Be Visible" library="SeleniumLibrary">
<arg>id:form-nome-erro</arg>
<doc>Verifies that the element identified by ``locator`` is visible.</doc>
<msg timestamp="20230425 12:14:45.495" level="INFO">Element 'id:form-nome-erro' is displayed.</msg>
<status status="PASS" starttime="20230425 12:14:45.474" endtime="20230425 12:14:45.495"/>
</kw>
<kw name="Element Should Be Visible" library="SeleniumLibrary">
<arg>id:form-cargo-erro</arg>
<doc>Verifies that the element identified by ``locator`` is visible.</doc>
<msg timestamp="20230425 12:14:45.519" level="INFO">Element 'id:form-cargo-erro' is displayed.</msg>
<status status="PASS" starttime="20230425 12:14:45.496" endtime="20230425 12:14:45.519"/>
</kw>
<kw name="Element Should Be Visible" library="SeleniumLibrary">
<arg>id:form-times-erro</arg>
<doc>Verifies that the element identified by ``locator`` is visible.</doc>
<msg timestamp="20230425 12:14:45.536" level="INFO">Element 'id:form-times-erro' is displayed.</msg>
<status status="PASS" starttime="20230425 12:14:45.519" endtime="20230425 12:14:45.536"/>
</kw>
<status status="PASS" starttime="20230425 12:14:45.473" endtime="20230425 12:14:45.536"/>
</kw>
<kw name="Fechar o navegador" library="setup_teardown" type="TEARDOWN">
<kw name="Close Browser" library="SeleniumLibrary">
<doc>Closes the current browser.</doc>
<status status="PASS" starttime="20230425 12:14:45.538" endtime="20230425 12:14:47.634"/>
</kw>
<status status="PASS" starttime="20230425 12:14:45.537" endtime="20230425 12:14:47.634"/>
</kw>
<status status="PASS" starttime="20230425 12:14:43.596" endtime="20230425 12:14:47.635"/>
</test>
<status status="PASS" starttime="20230425 12:14:42.821" endtime="20230425 12:14:47.637"/>
</suite>
<statistics>
<total>
<stat pass="1" fail="0" skip="0">All Tests</stat>
</total>
<tag>
</tag>
<suite>
<stat pass="1" fail="0" skip="0" id="s1" name="Preenchimento Incorreto">Preenchimento Incorreto</stat>
</suite>
</statistics>
<errors>
</errors>
</robot>
